<?xml version="1.0" encoding="UTF-8"?>
<testsuite xmlns:xsi="http://www.w3.org/2001/XMLSchema-instance" xsi:noNamespaceSchemaLocation="https://maven.apache.org/surefire/maven-surefire-plugin/xsd/surefire-test-report.xsd" name="org.apache.core.spring.DefaultAccountRuleTest" time="1.291" tests="10" errors="0" skipped="0" failures="0">
  <properties>
    <property name="java.specification.version" value="14"/>
    <property name="sun.jnu.encoding" value="UTF-8"/>
    <property name="java.class.path" value="/home/domenicoverde/Scrivania/Syncope.git/core/spring/target/test-classes:/home/domenicoverde/Scrivania/Syncope.git/core/spring/target/classes:/home/domenicoverde/.m2/repository/javax/servlet/javax.servlet-api/4.0.1/javax.servlet-api-4.0.1.jar:/home/domenicoverde/.m2/repository/org/apache/commons/commons-text/1.8/commons-text-1.8.jar:/home/domenicoverde/.m2/repository/org/apache/commons/commons-lang3/3.10/commons-lang3-3.10.jar:/home/domenicoverde/.m2/repository/org/jasypt/jasypt/1.9.3/jasypt-1.9.3.jar:/home/domenicoverde/.m2/repository/org/apache/cxf/cxf-rt-rs-security-jose/3.3.6/cxf-rt-rs-security-jose-3.3.6.jar:/home/domenicoverde/.m2/repository/org/apache/cxf/cxf-core/3.3.6/cxf-core-3.3.6.jar:/home/domenicoverde/.m2/repository/org/glassfish/jaxb/jaxb-runtime/2.3.3/jaxb-runtime-2.3.3.jar:/home/domenicoverde/.m2/repository/org/glassfish/jaxb/txw2/2.3.3/txw2-2.3.3.jar:/home/domenicoverde/.m2/repository/com/sun/istack/istack-commons-runtime/3.0.11/istack-commons-runtime-3.0.11.jar:/home/domenicoverde/.m2/repository/com/fasterxml/woodstox/woodstox-core/5.0.3/woodstox-core-5.0.3.jar:/home/domenicoverde/.m2/repository/org/codehaus/woodstox/stax2-api/3.1.4/stax2-api-3.1.4.jar:/home/domenicoverde/.m2/repository/org/apache/ws/xmlschema/xmlschema-core/2.2.5/xmlschema-core-2.2.5.jar:/home/domenicoverde/.m2/repository/jakarta/xml/bind/jakarta.xml.bind-api/2.3.3/jakarta.xml.bind-api-2.3.3.jar:/home/domenicoverde/.m2/repository/jakarta/activation/jakarta.activation-api/1.2.2/jakarta.activation-api-1.2.2.jar:/home/domenicoverde/.m2/repository/org/apache/cxf/cxf-rt-security/3.3.6/cxf-rt-security-3.3.6.jar:/home/domenicoverde/.m2/repository/org/apache/cxf/cxf-rt-rs-json-basic/3.3.6/cxf-rt-rs-json-basic-3.3.6.jar:/home/domenicoverde/.m2/repository/javax/annotation/javax.annotation-api/1.3.2/javax.annotation-api-1.3.2.jar:/home/domenicoverde/.m2/repository/javax/xml/ws/jaxws-api/2.3.1/jaxws-api-2.3.1.jar:/home/domenicoverde/.m2/repository/javax/xml/soap/javax.xml.soap-api/1.4.0/javax.xml.soap-api-1.4.0.jar:/home/domenicoverde/.m2/repository/com/sun/activation/javax.activation/1.2.0/javax.activation-1.2.0.jar:/home/domenicoverde/.m2/repository/org/apache/geronimo/specs/geronimo-ws-metadata_2.0_spec/1.1.3/geronimo-ws-metadata_2.0_spec-1.1.3.jar:/home/domenicoverde/.m2/repository/com/sun/xml/messaging/saaj/saaj-impl/1.5.2/saaj-impl-1.5.2.jar:/home/domenicoverde/.m2/repository/jakarta/xml/soap/jakarta.xml.soap-api/1.4.2/jakarta.xml.soap-api-1.4.2.jar:/home/domenicoverde/.m2/repository/org/jvnet/staxex/stax-ex/1.8.3/stax-ex-1.8.3.jar:/home/domenicoverde/.m2/repository/com/sun/activation/jakarta.activation/1.2.2/jakarta.activation-1.2.2.jar:/home/domenicoverde/.m2/repository/org/jacorb/jacorb-omgapi/3.9/jacorb-omgapi-3.9.jar:/home/domenicoverde/.m2/repository/org/apache/geronimo/specs/geronimo-jta_1.1_spec/1.1.1/geronimo-jta_1.1_spec-1.1.1.jar:/home/domenicoverde/.m2/repository/org/jboss/spec/javax/rmi/jboss-rmi-api_1.0_spec/1.0.6.Final/jboss-rmi-api_1.0_spec-1.0.6.Final.jar:/home/domenicoverde/.m2/repository/org/springframework/boot/spring-boot-autoconfigure/2.2.7.RELEASE/spring-boot-autoconfigure-2.2.7.RELEASE.jar:/home/domenicoverde/.m2/repository/org/springframework/boot/spring-boot/2.2.7.RELEASE/spring-boot-2.2.7.RELEASE.jar:/home/domenicoverde/.m2/repository/org/springframework/security/spring-security-core/5.3.2.RELEASE/spring-security-core-5.3.2.RELEASE.jar:/home/domenicoverde/.m2/repository/org/springframework/spring-aop/5.2.6.RELEASE/spring-aop-5.2.6.RELEASE.jar:/home/domenicoverde/.m2/repository/org/springframework/spring-context/5.2.6.RELEASE/spring-context-5.2.6.RELEASE.jar:/home/domenicoverde/.m2/repository/org/springframework/security/spring-security-config/5.3.2.RELEASE/spring-security-config-5.3.2.RELEASE.jar:/home/domenicoverde/.m2/repository/org/springframework/spring-beans/5.2.6.RELEASE/spring-beans-5.2.6.RELEASE.jar:/home/domenicoverde/.m2/repository/org/springframework/spring-core/5.2.6.RELEASE/spring-core-5.2.6.RELEASE.jar:/home/domenicoverde/.m2/repository/org/springframework/spring-jcl/5.2.6.RELEASE/spring-jcl-5.2.6.RELEASE.jar:/home/domenicoverde/.m2/repository/org/springframework/security/spring-security-web/5.3.2.RELEASE/spring-security-web-5.3.2.RELEASE.jar:/home/domenicoverde/.m2/repository/org/springframework/spring-expression/5.2.6.RELEASE/spring-expression-5.2.6.RELEASE.jar:/home/domenicoverde/.m2/repository/org/springframework/spring-web/5.2.6.RELEASE/spring-web-5.2.6.RELEASE.jar:/home/domenicoverde/.m2/repository/org/springframework/spring-tx/5.2.6.RELEASE/spring-tx-5.2.6.RELEASE.jar:/home/domenicoverde/.m2/repository/org/codehaus/groovy/groovy/3.0.4/groovy-3.0.4.jar:/home/domenicoverde/.m2/repository/com/fasterxml/uuid/java-uuid-generator/4.0.1/java-uuid-generator-4.0.1.jar:/home/domenicoverde/.m2/repository/org/slf4j/slf4j-api/2.0.0-alpha1/slf4j-api-2.0.0-alpha1.jar:/home/domenicoverde/.m2/repository/org/apache/syncope/core/syncope-core-provisioning-api/3.0.0-SNAPSHOT/syncope-core-provisioning-api-3.0.0-SNAPSHOT.jar:/home/domenicoverde/.m2/repository/org/apache/commons/commons-jexl3/3.1/commons-jexl3-3.1.jar:/home/domenicoverde/.m2/repository/commons-logging/commons-logging/1.1.3/commons-logging-1.1.3.jar:/home/domenicoverde/.m2/repository/com/fasterxml/jackson/core/jackson-core/2.11.0/jackson-core-2.11.0.jar:/home/domenicoverde/.m2/repository/com/fasterxml/jackson/module/jackson-module-afterburner/2.11.0/jackson-module-afterburner-2.11.0.jar:/home/domenicoverde/.m2/repository/com/fasterxml/jackson/core/jackson-databind/2.11.0/jackson-databind-2.11.0.jar:/home/domenicoverde/.m2/repository/org/quartz-scheduler/quartz/2.3.2/quartz-2.3.2.jar:/home/domenicoverde/.m2/repository/org/apache/syncope/core/syncope-core-persistence-api/3.0.0-SNAPSHOT/syncope-core-persistence-api-3.0.0-SNAPSHOT.jar:/home/domenicoverde/.m2/repository/javax/validation/validation-api/2.0.1.Final/validation-api-2.0.1.Final.jar:/home/domenicoverde/.m2/repository/net/tirasa/connid/connector-framework/1.5.0.2/connector-framework-1.5.0.2.jar:/home/domenicoverde/.m2/repository/net/tirasa/connid/connector-framework-internal/1.5.0.2/connector-framework-internal-1.5.0.2.jar:/home/domenicoverde/.m2/repository/net/tirasa/connid/slf4j-logging/1.5.0.2/slf4j-logging-1.5.0.2.jar:/home/domenicoverde/.m2/repository/org/apache/syncope/common/idm/syncope-common-idm-rest-api/3.0.0-SNAPSHOT/syncope-common-idm-rest-api-3.0.0-SNAPSHOT.jar:/home/domenicoverde/.m2/repository/org/apache/syncope/common/idrepo/syncope-common-idrepo-rest-api/3.0.0-SNAPSHOT/syncope-common-idrepo-rest-api-3.0.0-SNAPSHOT.jar:/home/domenicoverde/.m2/repository/org/apache/syncope/common/idm/syncope-common-idm-lib/3.0.0-SNAPSHOT/syncope-common-idm-lib-3.0.0-SNAPSHOT.jar:/home/domenicoverde/.m2/repository/org/apache/syncope/common/am/syncope-common-am-rest-api/3.0.0-SNAPSHOT/syncope-common-am-rest-api-3.0.0-SNAPSHOT.jar:/home/domenicoverde/.m2/repository/org/apache/syncope/common/am/syncope-common-am-lib/3.0.0-SNAPSHOT/syncope-common-am-lib-3.0.0-SNAPSHOT.jar:/home/domenicoverde/.m2/repository/org/apache/syncope/common/keymaster/syncope-common-keymaster-client-api/3.0.0-SNAPSHOT/syncope-common-keymaster-client-api-3.0.0-SNAPSHOT.jar:/home/domenicoverde/.m2/repository/org/apache/syncope/common/idrepo/syncope-common-idrepo-lib/3.0.0-SNAPSHOT/syncope-common-idrepo-lib-3.0.0-SNAPSHOT.jar:/home/domenicoverde/.m2/repository/org/apache/cxf/cxf-rt-rs-extension-search/3.3.6/cxf-rt-rs-extension-search-3.3.6.jar:/home/domenicoverde/.m2/repository/org/apache/cxf/cxf-rt-frontend-jaxrs/3.3.6/cxf-rt-frontend-jaxrs-3.3.6.jar:/home/domenicoverde/.m2/repository/jakarta/ws/rs/jakarta.ws.rs-api/2.1.6/jakarta.ws.rs-api-2.1.6.jar:/home/domenicoverde/.m2/repository/org/apache/cxf/cxf-rt-transports-http/3.3.6/cxf-rt-transports-http-3.3.6.jar:/home/domenicoverde/.m2/repository/io/swagger/core/v3/swagger-annotations/2.1.2/swagger-annotations-2.1.2.jar:/home/domenicoverde/.m2/repository/com/fasterxml/jackson/core/jackson-annotations/2.11.0/jackson-annotations-2.11.0.jar:/home/domenicoverde/.m2/repository/com/fasterxml/jackson/dataformat/jackson-dataformat-yaml/2.10.4/jackson-dataformat-yaml-2.10.4.jar:/home/domenicoverde/.m2/repository/org/yaml/snakeyaml/1.25/snakeyaml-1.25.jar:/home/domenicoverde/.m2/repository/com/fasterxml/jackson/dataformat/jackson-dataformat-xml/2.11.0/jackson-dataformat-xml-2.11.0.jar:/home/domenicoverde/.m2/repository/com/fasterxml/jackson/module/jackson-module-jaxb-annotations/2.10.4/jackson-module-jaxb-annotations-2.10.4.jar:/home/domenicoverde/.m2/repository/com/fasterxml/jackson/datatype/jackson-datatype-jsr310/2.10.4/jackson-datatype-jsr310-2.10.4.jar:/home/domenicoverde/.m2/repository/org/apache/logging/log4j/log4j-api/2.13.3/log4j-api-2.13.3.jar:/home/domenicoverde/.m2/repository/org/pitest/pitest-maven/1.5.1/pitest-maven-1.5.1.jar:/home/domenicoverde/.m2/repository/org/pitest/pitest-entry/1.5.1/pitest-entry-1.5.1.jar:/home/domenicoverde/.m2/repository/org/pitest/pitest/1.5.1/pitest-1.5.1.jar:/home/domenicoverde/.m2/repository/org/pitest/pitest-html-report/1.5.1/pitest-html-report-1.5.1.jar:/home/domenicoverde/.m2/repository/org/pitest/pitest-aggregator/1.5.1/pitest-aggregator-1.5.1.jar:/home/domenicoverde/.m2/repository/org/apache/maven/maven-plugin-api/2.2.1/maven-plugin-api-2.2.1.jar:/home/domenicoverde/.m2/repository/org/apache/maven/reporting/maven-reporting-api/2.2.1/maven-reporting-api-2.2.1.jar:/home/domenicoverde/.m2/repository/org/apache/maven/doxia/doxia-sink-api/1.1/doxia-sink-api-1.1.jar:/home/domenicoverde/.m2/repository/org/apache/maven/doxia/doxia-logging-api/1.1/doxia-logging-api-1.1.jar:/home/domenicoverde/.m2/repository/commons-collections/commons-collections/3.2.2/commons-collections-3.2.2.jar:/home/domenicoverde/.m2/repository/commons-beanutils/commons-beanutils/1.9.4/commons-beanutils-1.9.4.jar:/home/domenicoverde/.m2/repository/org/codehaus/plexus/plexus-utils/3.3.0/plexus-utils-3.3.0.jar:/home/domenicoverde/.m2/repository/org/apache/maven/reporting/maven-reporting-impl/2.0.4.3/maven-reporting-impl-2.0.4.3.jar:/home/domenicoverde/.m2/repository/org/apache/maven/doxia/doxia-core/1.0/doxia-core-1.0.jar:/home/domenicoverde/.m2/repository/org/apache/maven/doxia/doxia-site-renderer/1.0/doxia-site-renderer-1.0.jar:/home/domenicoverde/.m2/repository/org/codehaus/plexus/plexus-i18n/1.0-beta-7/plexus-i18n-1.0-beta-7.jar:/home/domenicoverde/.m2/repository/org/codehaus/plexus/plexus-velocity/1.1.7/plexus-velocity-1.1.7.jar:/home/domenicoverde/.m2/repository/org/apache/velocity/velocity/1.5/velocity-1.5.jar:/home/domenicoverde/.m2/repository/org/apache/maven/doxia/doxia-decoration-model/1.0/doxia-decoration-model-1.0.jar:/home/domenicoverde/.m2/repository/org/apache/maven/doxia/doxia-module-apt/1.0/doxia-module-apt-1.0.jar:/home/domenicoverde/.m2/repository/org/apache/maven/doxia/doxia-module-fml/1.0/doxia-module-fml-1.0.jar:/home/domenicoverde/.m2/repository/org/apache/maven/doxia/doxia-module-xdoc/1.0/doxia-module-xdoc-1.0.jar:/home/domenicoverde/.m2/repository/org/apache/maven/doxia/doxia-module-xhtml/1.0/doxia-module-xhtml-1.0.jar:/home/domenicoverde/.m2/repository/commons-validator/commons-validator/1.2.0/commons-validator-1.2.0.jar:/home/domenicoverde/.m2/repository/commons-digester/commons-digester/1.6/commons-digester-1.6.jar:/home/domenicoverde/.m2/repository/oro/oro/2.0.8/oro-2.0.8.jar:/home/domenicoverde/.m2/repository/xml-apis/xml-apis/1.0.b2/xml-apis-1.0.b2.jar:/home/domenicoverde/.m2/repository/org/apache/maven/shared/maven-doxia-tools/1.0.2/maven-doxia-tools-1.0.2.jar:/home/domenicoverde/.m2/repository/commons-io/commons-io/2.6/commons-io-2.6.jar:/home/domenicoverde/.m2/repository/org/apache/maven/maven-project/2.2.1/maven-project-2.2.1.jar:/home/domenicoverde/.m2/repository/org/apache/maven/maven-settings/2.2.1/maven-settings-2.2.1.jar:/home/domenicoverde/.m2/repository/org/apache/maven/maven-profile/2.2.1/maven-profile-2.2.1.jar:/home/domenicoverde/.m2/repository/org/apache/maven/maven-model/2.2.1/maven-model-2.2.1.jar:/home/domenicoverde/.m2/repository/org/apache/maven/maven-artifact-manager/2.2.1/maven-artifact-manager-2.2.1.jar:/home/domenicoverde/.m2/repository/org/apache/maven/maven-repository-metadata/2.2.1/maven-repository-metadata-2.2.1.jar:/home/domenicoverde/.m2/repository/org/apache/maven/wagon/wagon-provider-api/1.0-beta-6/wagon-provider-api-1.0-beta-6.jar:/home/domenicoverde/.m2/repository/backport-util-concurrent/backport-util-concurrent/3.1/backport-util-concurrent-3.1.jar:/home/domenicoverde/.m2/repository/org/apache/maven/maven-plugin-registry/2.2.1/maven-plugin-registry-2.2.1.jar:/home/domenicoverde/.m2/repository/org/codehaus/plexus/plexus-interpolation/1.11/plexus-interpolation-1.11.jar:/home/domenicoverde/.m2/repository/org/codehaus/plexus/plexus-container-default/1.0-alpha-9-stable-1/plexus-container-default-1.0-alpha-9-stable-1.jar:/home/domenicoverde/.m2/repository/classworlds/classworlds/1.1-alpha-2/classworlds-1.1-alpha-2.jar:/home/domenicoverde/.m2/repository/org/apache/maven/scm/maven-scm-api/1.9.4/maven-scm-api-1.9.4.jar:/home/domenicoverde/.m2/repository/org/apache/maven/scm/maven-scm-manager-plexus/1.9.4/maven-scm-manager-plexus-1.9.4.jar:/home/domenicoverde/.m2/repository/org/codehaus/groovy/groovy-all/2.4.18/groovy-all-2.4.18.jar:/home/domenicoverde/.m2/repository/org/apache/maven/scm/maven-scm-provider-accurev/1.9.4/maven-scm-provider-accurev-1.9.4.jar:/home/domenicoverde/.m2/repository/org/apache/maven/scm/maven-scm-provider-bazaar/1.9.4/maven-scm-provider-bazaar-1.9.4.jar:/home/domenicoverde/.m2/repository/org/apache/maven/scm/maven-scm-provider-clearcase/1.9.4/maven-scm-provider-clearcase-1.9.4.jar:/home/domenicoverde/.m2/repository/org/apache/maven/scm/maven-scm-provider-cvsexe/1.9.4/maven-scm-provider-cvsexe-1.9.4.jar:/home/domenicoverde/.m2/repository/org/apache/maven/scm/maven-scm-provider-cvs-commons/1.9.4/maven-scm-provider-cvs-commons-1.9.4.jar:/home/domenicoverde/.m2/repository/org/apache/maven/scm/maven-scm-provider-cvsjava/1.9.4/maven-scm-provider-cvsjava-1.9.4.jar:/home/domenicoverde/.m2/repository/org/netbeans/lib/cvsclient/20060125/cvsclient-20060125.jar:/home/domenicoverde/.m2/repository/ch/ethz/ganymed/ganymed-ssh2/build210/ganymed-ssh2-build210.jar:/home/domenicoverde/.m2/repository/org/apache/maven/scm/maven-scm-provider-gitexe/1.9.4/maven-scm-provider-gitexe-1.9.4.jar:/home/domenicoverde/.m2/repository/commons-lang/commons-lang/2.6/commons-lang-2.6.jar:/home/domenicoverde/.m2/repository/org/apache/maven/scm/maven-scm-provider-git-commons/1.9.4/maven-scm-provider-git-commons-1.9.4.jar:/home/domenicoverde/.m2/repository/org/apache/maven/scm/maven-scm-provider-hg/1.9.4/maven-scm-provider-hg-1.9.4.jar:/home/domenicoverde/.m2/repository/org/apache/maven/scm/maven-scm-provider-perforce/1.9.4/maven-scm-provider-perforce-1.9.4.jar:/home/domenicoverde/.m2/repository/org/apache/maven/scm/maven-scm-provider-starteam/1.9.4/maven-scm-provider-starteam-1.9.4.jar:/home/domenicoverde/.m2/repository/org/apache/maven/scm/maven-scm-provider-svnexe/1.9.4/maven-scm-provider-svnexe-1.9.4.jar:/home/domenicoverde/.m2/repository/org/apache/maven/scm/maven-scm-provider-svn-commons/1.9.4/maven-scm-provider-svn-commons-1.9.4.jar:/home/domenicoverde/.m2/repository/org/apache/maven/scm/maven-scm-provider-synergy/1.9.4/maven-scm-provider-synergy-1.9.4.jar:/home/domenicoverde/.m2/repository/org/apache/maven/scm/maven-scm-provider-vss/1.9.4/maven-scm-provider-vss-1.9.4.jar:/home/domenicoverde/.m2/repository/org/apache/maven/scm/maven-scm-provider-tfs/1.9.4/maven-scm-provider-tfs-1.9.4.jar:/home/domenicoverde/.m2/repository/org/apache/maven/scm/maven-scm-provider-integrity/1.9.4/maven-scm-provider-integrity-1.9.4.jar:/home/domenicoverde/.m2/repository/com/mks/api/mksapi-jar/4.10.9049/mksapi-jar-4.10.9049.jar:/home/domenicoverde/.m2/repository/org/apache/maven/scm/maven-scm-provider-jazz/1.9.4/maven-scm-provider-jazz-1.9.4.jar:/home/domenicoverde/.m2/repository/org/apache/maven/surefire/surefire-booter/2.17/surefire-booter-2.17.jar:/home/domenicoverde/.m2/repository/org/apache/maven/surefire/surefire-api/2.17/surefire-api-2.17.jar:/home/domenicoverde/.m2/repository/org/apache/maven/surefire/maven-surefire-common/2.17/maven-surefire-common-2.17.jar:/home/domenicoverde/.m2/repository/org/apache/maven/plugin-tools/maven-plugin-annotations/3.2/maven-plugin-annotations-3.2.jar:/home/domenicoverde/.m2/repository/org/apache/maven/maven-plugin-descriptor/2.0.9/maven-plugin-descriptor-2.0.9.jar:/home/domenicoverde/.m2/repository/org/apache/maven/maven-core/2.0.9/maven-core-2.0.9.jar:/home/domenicoverde/.m2/repository/org/apache/maven/maven-plugin-parameter-documenter/2.0.9/maven-plugin-parameter-documenter-2.0.9.jar:/home/domenicoverde/.m2/repository/org/apache/maven/maven-error-diagnostics/2.0.9/maven-error-diagnostics-2.0.9.jar:/home/domenicoverde/.m2/repository/org/apache/maven/maven-monitor/2.0.9/maven-monitor-2.0.9.jar:/home/domenicoverde/.m2/repository/org/apache/maven/maven-artifact/2.2.1/maven-artifact-2.2.1.jar:/home/domenicoverde/.m2/repository/org/apache/maven/maven-toolchain/2.2.1/maven-toolchain-2.2.1.jar:/home/domenicoverde/.m2/repository/org/slf4j/jul-to-slf4j/2.0.0-alpha1/jul-to-slf4j-2.0.0-alpha1.jar:/home/domenicoverde/.m2/repository/uk/org/lidalia/sysout-over-slf4j/1.0.2/sysout-over-slf4j-1.0.2.jar:/home/domenicoverde/.m2/repository/org/slf4j/slf4j-simple/2.0.0-alpha1/slf4j-simple-2.0.0-alpha1.jar:/home/domenicoverde/.m2/repository/org/springframework/spring-test/5.2.6.RELEASE/spring-test-5.2.6.RELEASE.jar:/home/domenicoverde/.m2/repository/junit/junit/4.13/junit-4.13.jar:/home/domenicoverde/.m2/repository/org/hamcrest/hamcrest-core/2.1/hamcrest-core-2.1.jar:/home/domenicoverde/.m2/repository/org/hamcrest/hamcrest/2.1/hamcrest-2.1.jar:/home/domenicoverde/.m2/repository/org/mockito/mockito-core/3.3.3/mockito-core-3.3.3.jar:/home/domenicoverde/.m2/repository/net/bytebuddy/byte-buddy/1.10.10/byte-buddy-1.10.10.jar:/home/domenicoverde/.m2/repository/net/bytebuddy/byte-buddy-agent/1.10.10/byte-buddy-agent-1.10.10.jar:/home/domenicoverde/.m2/repository/org/objenesis/objenesis/3.1/objenesis-3.1.jar:"/>
    <property name="java.vm.vendor" value="Oracle Corporation"/>
    <property name="sun.arch.data.model" value="64"/>
    <property name="java.vendor.url" value="https://java.oracle.com/"/>
    <property name="os.name" value="Linux"/>
    <property name="java.vm.specification.version" value="14"/>
    <property name="sun.java.launcher" value="SUN_STANDARD"/>
    <property name="user.country" value="IT"/>
    <property name="sun.boot.library.path" value="/usr/lib/jvm/jdk-14.0.1/lib"/>
    <property name="sun.java.command" value="/home/domenicoverde/Scrivania/Syncope.git/core/spring/target/surefire/surefirebooter11756472124510749962.jar /home/domenicoverde/Scrivania/Syncope.git/core/spring/target/surefire 2020-06-22T18-41-45_502-jvmRun1 surefire6269778399082329257tmp surefire_05840744247002309261tmp"/>
    <property name="jdk.debug" value="release"/>
    <property name="surefire.test.class.path" value="/home/domenicoverde/Scrivania/Syncope.git/core/spring/target/test-classes:/home/domenicoverde/Scrivania/Syncope.git/core/spring/target/classes:/home/domenicoverde/.m2/repository/javax/servlet/javax.servlet-api/4.0.1/javax.servlet-api-4.0.1.jar:/home/domenicoverde/.m2/repository/org/apache/commons/commons-text/1.8/commons-text-1.8.jar:/home/domenicoverde/.m2/repository/org/apache/commons/commons-lang3/3.10/commons-lang3-3.10.jar:/home/domenicoverde/.m2/repository/org/jasypt/jasypt/1.9.3/jasypt-1.9.3.jar:/home/domenicoverde/.m2/repository/org/apache/cxf/cxf-rt-rs-security-jose/3.3.6/cxf-rt-rs-security-jose-3.3.6.jar:/home/domenicoverde/.m2/repository/org/apache/cxf/cxf-core/3.3.6/cxf-core-3.3.6.jar:/home/domenicoverde/.m2/repository/org/glassfish/jaxb/jaxb-runtime/2.3.3/jaxb-runtime-2.3.3.jar:/home/domenicoverde/.m2/repository/org/glassfish/jaxb/txw2/2.3.3/txw2-2.3.3.jar:/home/domenicoverde/.m2/repository/com/sun/istack/istack-commons-runtime/3.0.11/istack-commons-runtime-3.0.11.jar:/home/domenicoverde/.m2/repository/com/fasterxml/woodstox/woodstox-core/5.0.3/woodstox-core-5.0.3.jar:/home/domenicoverde/.m2/repository/org/codehaus/woodstox/stax2-api/3.1.4/stax2-api-3.1.4.jar:/home/domenicoverde/.m2/repository/org/apache/ws/xmlschema/xmlschema-core/2.2.5/xmlschema-core-2.2.5.jar:/home/domenicoverde/.m2/repository/jakarta/xml/bind/jakarta.xml.bind-api/2.3.3/jakarta.xml.bind-api-2.3.3.jar:/home/domenicoverde/.m2/repository/jakarta/activation/jakarta.activation-api/1.2.2/jakarta.activation-api-1.2.2.jar:/home/domenicoverde/.m2/repository/org/apache/cxf/cxf-rt-security/3.3.6/cxf-rt-security-3.3.6.jar:/home/domenicoverde/.m2/repository/org/apache/cxf/cxf-rt-rs-json-basic/3.3.6/cxf-rt-rs-json-basic-3.3.6.jar:/home/domenicoverde/.m2/repository/javax/annotation/javax.annotation-api/1.3.2/javax.annotation-api-1.3.2.jar:/home/domenicoverde/.m2/repository/javax/xml/ws/jaxws-api/2.3.1/jaxws-api-2.3.1.jar:/home/domenicoverde/.m2/repository/javax/xml/soap/javax.xml.soap-api/1.4.0/javax.xml.soap-api-1.4.0.jar:/home/domenicoverde/.m2/repository/com/sun/activation/javax.activation/1.2.0/javax.activation-1.2.0.jar:/home/domenicoverde/.m2/repository/org/apache/geronimo/specs/geronimo-ws-metadata_2.0_spec/1.1.3/geronimo-ws-metadata_2.0_spec-1.1.3.jar:/home/domenicoverde/.m2/repository/com/sun/xml/messaging/saaj/saaj-impl/1.5.2/saaj-impl-1.5.2.jar:/home/domenicoverde/.m2/repository/jakarta/xml/soap/jakarta.xml.soap-api/1.4.2/jakarta.xml.soap-api-1.4.2.jar:/home/domenicoverde/.m2/repository/org/jvnet/staxex/stax-ex/1.8.3/stax-ex-1.8.3.jar:/home/domenicoverde/.m2/repository/com/sun/activation/jakarta.activation/1.2.2/jakarta.activation-1.2.2.jar:/home/domenicoverde/.m2/repository/org/jacorb/jacorb-omgapi/3.9/jacorb-omgapi-3.9.jar:/home/domenicoverde/.m2/repository/org/apache/geronimo/specs/geronimo-jta_1.1_spec/1.1.1/geronimo-jta_1.1_spec-1.1.1.jar:/home/domenicoverde/.m2/repository/org/jboss/spec/javax/rmi/jboss-rmi-api_1.0_spec/1.0.6.Final/jboss-rmi-api_1.0_spec-1.0.6.Final.jar:/home/domenicoverde/.m2/repository/org/springframework/boot/spring-boot-autoconfigure/2.2.7.RELEASE/spring-boot-autoconfigure-2.2.7.RELEASE.jar:/home/domenicoverde/.m2/repository/org/springframework/boot/spring-boot/2.2.7.RELEASE/spring-boot-2.2.7.RELEASE.jar:/home/domenicoverde/.m2/repository/org/springframework/security/spring-security-core/5.3.2.RELEASE/spring-security-core-5.3.2.RELEASE.jar:/home/domenicoverde/.m2/repository/org/springframework/spring-aop/5.2.6.RELEASE/spring-aop-5.2.6.RELEASE.jar:/home/domenicoverde/.m2/repository/org/springframework/spring-context/5.2.6.RELEASE/spring-context-5.2.6.RELEASE.jar:/home/domenicoverde/.m2/repository/org/springframework/security/spring-security-config/5.3.2.RELEASE/spring-security-config-5.3.2.RELEASE.jar:/home/domenicoverde/.m2/repository/org/springframework/spring-beans/5.2.6.RELEASE/spring-beans-5.2.6.RELEASE.jar:/home/domenicoverde/.m2/repository/org/springframework/spring-core/5.2.6.RELEASE/spring-core-5.2.6.RELEASE.jar:/home/domenicoverde/.m2/repository/org/springframework/spring-jcl/5.2.6.RELEASE/spring-jcl-5.2.6.RELEASE.jar:/home/domenicoverde/.m2/repository/org/springframework/security/spring-security-web/5.3.2.RELEASE/spring-security-web-5.3.2.RELEASE.jar:/home/domenicoverde/.m2/repository/org/springframework/spring-expression/5.2.6.RELEASE/spring-expression-5.2.6.RELEASE.jar:/home/domenicoverde/.m2/repository/org/springframework/spring-web/5.2.6.RELEASE/spring-web-5.2.6.RELEASE.jar:/home/domenicoverde/.m2/repository/org/springframework/spring-tx/5.2.6.RELEASE/spring-tx-5.2.6.RELEASE.jar:/home/domenicoverde/.m2/repository/org/codehaus/groovy/groovy/3.0.4/groovy-3.0.4.jar:/home/domenicoverde/.m2/repository/com/fasterxml/uuid/java-uuid-generator/4.0.1/java-uuid-generator-4.0.1.jar:/home/domenicoverde/.m2/repository/org/slf4j/slf4j-api/2.0.0-alpha1/slf4j-api-2.0.0-alpha1.jar:/home/domenicoverde/.m2/repository/org/apache/syncope/core/syncope-core-provisioning-api/3.0.0-SNAPSHOT/syncope-core-provisioning-api-3.0.0-SNAPSHOT.jar:/home/domenicoverde/.m2/repository/org/apache/commons/commons-jexl3/3.1/commons-jexl3-3.1.jar:/home/domenicoverde/.m2/repository/commons-logging/commons-logging/1.1.3/commons-logging-1.1.3.jar:/home/domenicoverde/.m2/repository/com/fasterxml/jackson/core/jackson-core/2.11.0/jackson-core-2.11.0.jar:/home/domenicoverde/.m2/repository/com/fasterxml/jackson/module/jackson-module-afterburner/2.11.0/jackson-module-afterburner-2.11.0.jar:/home/domenicoverde/.m2/repository/com/fasterxml/jackson/core/jackson-databind/2.11.0/jackson-databind-2.11.0.jar:/home/domenicoverde/.m2/repository/org/quartz-scheduler/quartz/2.3.2/quartz-2.3.2.jar:/home/domenicoverde/.m2/repository/org/apache/syncope/core/syncope-core-persistence-api/3.0.0-SNAPSHOT/syncope-core-persistence-api-3.0.0-SNAPSHOT.jar:/home/domenicoverde/.m2/repository/javax/validation/validation-api/2.0.1.Final/validation-api-2.0.1.Final.jar:/home/domenicoverde/.m2/repository/net/tirasa/connid/connector-framework/1.5.0.2/connector-framework-1.5.0.2.jar:/home/domenicoverde/.m2/repository/net/tirasa/connid/connector-framework-internal/1.5.0.2/connector-framework-internal-1.5.0.2.jar:/home/domenicoverde/.m2/repository/net/tirasa/connid/slf4j-logging/1.5.0.2/slf4j-logging-1.5.0.2.jar:/home/domenicoverde/.m2/repository/org/apache/syncope/common/idm/syncope-common-idm-rest-api/3.0.0-SNAPSHOT/syncope-common-idm-rest-api-3.0.0-SNAPSHOT.jar:/home/domenicoverde/.m2/repository/org/apache/syncope/common/idrepo/syncope-common-idrepo-rest-api/3.0.0-SNAPSHOT/syncope-common-idrepo-rest-api-3.0.0-SNAPSHOT.jar:/home/domenicoverde/.m2/repository/org/apache/syncope/common/idm/syncope-common-idm-lib/3.0.0-SNAPSHOT/syncope-common-idm-lib-3.0.0-SNAPSHOT.jar:/home/domenicoverde/.m2/repository/org/apache/syncope/common/am/syncope-common-am-rest-api/3.0.0-SNAPSHOT/syncope-common-am-rest-api-3.0.0-SNAPSHOT.jar:/home/domenicoverde/.m2/repository/org/apache/syncope/common/am/syncope-common-am-lib/3.0.0-SNAPSHOT/syncope-common-am-lib-3.0.0-SNAPSHOT.jar:/home/domenicoverde/.m2/repository/org/apache/syncope/common/keymaster/syncope-common-keymaster-client-api/3.0.0-SNAPSHOT/syncope-common-keymaster-client-api-3.0.0-SNAPSHOT.jar:/home/domenicoverde/.m2/repository/org/apache/syncope/common/idrepo/syncope-common-idrepo-lib/3.0.0-SNAPSHOT/syncope-common-idrepo-lib-3.0.0-SNAPSHOT.jar:/home/domenicoverde/.m2/repository/org/apache/cxf/cxf-rt-rs-extension-search/3.3.6/cxf-rt-rs-extension-search-3.3.6.jar:/home/domenicoverde/.m2/repository/org/apache/cxf/cxf-rt-frontend-jaxrs/3.3.6/cxf-rt-frontend-jaxrs-3.3.6.jar:/home/domenicoverde/.m2/repository/jakarta/ws/rs/jakarta.ws.rs-api/2.1.6/jakarta.ws.rs-api-2.1.6.jar:/home/domenicoverde/.m2/repository/org/apache/cxf/cxf-rt-transports-http/3.3.6/cxf-rt-transports-http-3.3.6.jar:/home/domenicoverde/.m2/repository/io/swagger/core/v3/swagger-annotations/2.1.2/swagger-annotations-2.1.2.jar:/home/domenicoverde/.m2/repository/com/fasterxml/jackson/core/jackson-annotations/2.11.0/jackson-annotations-2.11.0.jar:/home/domenicoverde/.m2/repository/com/fasterxml/jackson/dataformat/jackson-dataformat-yaml/2.10.4/jackson-dataformat-yaml-2.10.4.jar:/home/domenicoverde/.m2/repository/org/yaml/snakeyaml/1.25/snakeyaml-1.25.jar:/home/domenicoverde/.m2/repository/com/fasterxml/jackson/dataformat/jackson-dataformat-xml/2.11.0/jackson-dataformat-xml-2.11.0.jar:/home/domenicoverde/.m2/repository/com/fasterxml/jackson/module/jackson-module-jaxb-annotations/2.10.4/jackson-module-jaxb-annotations-2.10.4.jar:/home/domenicoverde/.m2/repository/com/fasterxml/jackson/datatype/jackson-datatype-jsr310/2.10.4/jackson-datatype-jsr310-2.10.4.jar:/home/domenicoverde/.m2/repository/org/apache/logging/log4j/log4j-api/2.13.3/log4j-api-2.13.3.jar:/home/domenicoverde/.m2/repository/org/pitest/pitest-maven/1.5.1/pitest-maven-1.5.1.jar:/home/domenicoverde/.m2/repository/org/pitest/pitest-entry/1.5.1/pitest-entry-1.5.1.jar:/home/domenicoverde/.m2/repository/org/pitest/pitest/1.5.1/pitest-1.5.1.jar:/home/domenicoverde/.m2/repository/org/pitest/pitest-html-report/1.5.1/pitest-html-report-1.5.1.jar:/home/domenicoverde/.m2/repository/org/pitest/pitest-aggregator/1.5.1/pitest-aggregator-1.5.1.jar:/home/domenicoverde/.m2/repository/org/apache/maven/maven-plugin-api/2.2.1/maven-plugin-api-2.2.1.jar:/home/domenicoverde/.m2/repository/org/apache/maven/reporting/maven-reporting-api/2.2.1/maven-reporting-api-2.2.1.jar:/home/domenicoverde/.m2/repository/org/apache/maven/doxia/doxia-sink-api/1.1/doxia-sink-api-1.1.jar:/home/domenicoverde/.m2/repository/org/apache/maven/doxia/doxia-logging-api/1.1/doxia-logging-api-1.1.jar:/home/domenicoverde/.m2/repository/commons-collections/commons-collections/3.2.2/commons-collections-3.2.2.jar:/home/domenicoverde/.m2/repository/commons-beanutils/commons-beanutils/1.9.4/commons-beanutils-1.9.4.jar:/home/domenicoverde/.m2/repository/org/codehaus/plexus/plexus-utils/3.3.0/plexus-utils-3.3.0.jar:/home/domenicoverde/.m2/repository/org/apache/maven/reporting/maven-reporting-impl/2.0.4.3/maven-reporting-impl-2.0.4.3.jar:/home/domenicoverde/.m2/repository/org/apache/maven/doxia/doxia-core/1.0/doxia-core-1.0.jar:/home/domenicoverde/.m2/repository/org/apache/maven/doxia/doxia-site-renderer/1.0/doxia-site-renderer-1.0.jar:/home/domenicoverde/.m2/repository/org/codehaus/plexus/plexus-i18n/1.0-beta-7/plexus-i18n-1.0-beta-7.jar:/home/domenicoverde/.m2/repository/org/codehaus/plexus/plexus-velocity/1.1.7/plexus-velocity-1.1.7.jar:/home/domenicoverde/.m2/repository/org/apache/velocity/velocity/1.5/velocity-1.5.jar:/home/domenicoverde/.m2/repository/org/apache/maven/doxia/doxia-decoration-model/1.0/doxia-decoration-model-1.0.jar:/home/domenicoverde/.m2/repository/org/apache/maven/doxia/doxia-module-apt/1.0/doxia-module-apt-1.0.jar:/home/domenicoverde/.m2/repository/org/apache/maven/doxia/doxia-module-fml/1.0/doxia-module-fml-1.0.jar:/home/domenicoverde/.m2/repository/org/apache/maven/doxia/doxia-module-xdoc/1.0/doxia-module-xdoc-1.0.jar:/home/domenicoverde/.m2/repository/org/apache/maven/doxia/doxia-module-xhtml/1.0/doxia-module-xhtml-1.0.jar:/home/domenicoverde/.m2/repository/commons-validator/commons-validator/1.2.0/commons-validator-1.2.0.jar:/home/domenicoverde/.m2/repository/commons-digester/commons-digester/1.6/commons-digester-1.6.jar:/home/domenicoverde/.m2/repository/oro/oro/2.0.8/oro-2.0.8.jar:/home/domenicoverde/.m2/repository/xml-apis/xml-apis/1.0.b2/xml-apis-1.0.b2.jar:/home/domenicoverde/.m2/repository/org/apache/maven/shared/maven-doxia-tools/1.0.2/maven-doxia-tools-1.0.2.jar:/home/domenicoverde/.m2/repository/commons-io/commons-io/2.6/commons-io-2.6.jar:/home/domenicoverde/.m2/repository/org/apache/maven/maven-project/2.2.1/maven-project-2.2.1.jar:/home/domenicoverde/.m2/repository/org/apache/maven/maven-settings/2.2.1/maven-settings-2.2.1.jar:/home/domenicoverde/.m2/repository/org/apache/maven/maven-profile/2.2.1/maven-profile-2.2.1.jar:/home/domenicoverde/.m2/repository/org/apache/maven/maven-model/2.2.1/maven-model-2.2.1.jar:/home/domenicoverde/.m2/repository/org/apache/maven/maven-artifact-manager/2.2.1/maven-artifact-manager-2.2.1.jar:/home/domenicoverde/.m2/repository/org/apache/maven/maven-repository-metadata/2.2.1/maven-repository-metadata-2.2.1.jar:/home/domenicoverde/.m2/repository/org/apache/maven/wagon/wagon-provider-api/1.0-beta-6/wagon-provider-api-1.0-beta-6.jar:/home/domenicoverde/.m2/repository/backport-util-concurrent/backport-util-concurrent/3.1/backport-util-concurrent-3.1.jar:/home/domenicoverde/.m2/repository/org/apache/maven/maven-plugin-registry/2.2.1/maven-plugin-registry-2.2.1.jar:/home/domenicoverde/.m2/repository/org/codehaus/plexus/plexus-interpolation/1.11/plexus-interpolation-1.11.jar:/home/domenicoverde/.m2/repository/org/codehaus/plexus/plexus-container-default/1.0-alpha-9-stable-1/plexus-container-default-1.0-alpha-9-stable-1.jar:/home/domenicoverde/.m2/repository/classworlds/classworlds/1.1-alpha-2/classworlds-1.1-alpha-2.jar:/home/domenicoverde/.m2/repository/org/apache/maven/scm/maven-scm-api/1.9.4/maven-scm-api-1.9.4.jar:/home/domenicoverde/.m2/repository/org/apache/maven/scm/maven-scm-manager-plexus/1.9.4/maven-scm-manager-plexus-1.9.4.jar:/home/domenicoverde/.m2/repository/org/codehaus/groovy/groovy-all/2.4.18/groovy-all-2.4.18.jar:/home/domenicoverde/.m2/repository/org/apache/maven/scm/maven-scm-provider-accurev/1.9.4/maven-scm-provider-accurev-1.9.4.jar:/home/domenicoverde/.m2/repository/org/apache/maven/scm/maven-scm-provider-bazaar/1.9.4/maven-scm-provider-bazaar-1.9.4.jar:/home/domenicoverde/.m2/repository/org/apache/maven/scm/maven-scm-provider-clearcase/1.9.4/maven-scm-provider-clearcase-1.9.4.jar:/home/domenicoverde/.m2/repository/org/apache/maven/scm/maven-scm-provider-cvsexe/1.9.4/maven-scm-provider-cvsexe-1.9.4.jar:/home/domenicoverde/.m2/repository/org/apache/maven/scm/maven-scm-provider-cvs-commons/1.9.4/maven-scm-provider-cvs-commons-1.9.4.jar:/home/domenicoverde/.m2/repository/org/apache/maven/scm/maven-scm-provider-cvsjava/1.9.4/maven-scm-provider-cvsjava-1.9.4.jar:/home/domenicoverde/.m2/repository/org/netbeans/lib/cvsclient/20060125/cvsclient-20060125.jar:/home/domenicoverde/.m2/repository/ch/ethz/ganymed/ganymed-ssh2/build210/ganymed-ssh2-build210.jar:/home/domenicoverde/.m2/repository/org/apache/maven/scm/maven-scm-provider-gitexe/1.9.4/maven-scm-provider-gitexe-1.9.4.jar:/home/domenicoverde/.m2/repository/commons-lang/commons-lang/2.6/commons-lang-2.6.jar:/home/domenicoverde/.m2/repository/org/apache/maven/scm/maven-scm-provider-git-commons/1.9.4/maven-scm-provider-git-commons-1.9.4.jar:/home/domenicoverde/.m2/repository/org/apache/maven/scm/maven-scm-provider-hg/1.9.4/maven-scm-provider-hg-1.9.4.jar:/home/domenicoverde/.m2/repository/org/apache/maven/scm/maven-scm-provider-perforce/1.9.4/maven-scm-provider-perforce-1.9.4.jar:/home/domenicoverde/.m2/repository/org/apache/maven/scm/maven-scm-provider-starteam/1.9.4/maven-scm-provider-starteam-1.9.4.jar:/home/domenicoverde/.m2/repository/org/apache/maven/scm/maven-scm-provider-svnexe/1.9.4/maven-scm-provider-svnexe-1.9.4.jar:/home/domenicoverde/.m2/repository/org/apache/maven/scm/maven-scm-provider-svn-commons/1.9.4/maven-scm-provider-svn-commons-1.9.4.jar:/home/domenicoverde/.m2/repository/org/apache/maven/scm/maven-scm-provider-synergy/1.9.4/maven-scm-provider-synergy-1.9.4.jar:/home/domenicoverde/.m2/repository/org/apache/maven/scm/maven-scm-provider-vss/1.9.4/maven-scm-provider-vss-1.9.4.jar:/home/domenicoverde/.m2/repository/org/apache/maven/scm/maven-scm-provider-tfs/1.9.4/maven-scm-provider-tfs-1.9.4.jar:/home/domenicoverde/.m2/repository/org/apache/maven/scm/maven-scm-provider-integrity/1.9.4/maven-scm-provider-integrity-1.9.4.jar:/home/domenicoverde/.m2/repository/com/mks/api/mksapi-jar/4.10.9049/mksapi-jar-4.10.9049.jar:/home/domenicoverde/.m2/repository/org/apache/maven/scm/maven-scm-provider-jazz/1.9.4/maven-scm-provider-jazz-1.9.4.jar:/home/domenicoverde/.m2/repository/org/apache/maven/surefire/surefire-booter/2.17/surefire-booter-2.17.jar:/home/domenicoverde/.m2/repository/org/apache/maven/surefire/surefire-api/2.17/surefire-api-2.17.jar:/home/domenicoverde/.m2/repository/org/apache/maven/surefire/maven-surefire-common/2.17/maven-surefire-common-2.17.jar:/home/domenicoverde/.m2/repository/org/apache/maven/plugin-tools/maven-plugin-annotations/3.2/maven-plugin-annotations-3.2.jar:/home/domenicoverde/.m2/repository/org/apache/maven/maven-plugin-descriptor/2.0.9/maven-plugin-descriptor-2.0.9.jar:/home/domenicoverde/.m2/repository/org/apache/maven/maven-core/2.0.9/maven-core-2.0.9.jar:/home/domenicoverde/.m2/repository/org/apache/maven/maven-plugin-parameter-documenter/2.0.9/maven-plugin-parameter-documenter-2.0.9.jar:/home/domenicoverde/.m2/repository/org/apache/maven/maven-error-diagnostics/2.0.9/maven-error-diagnostics-2.0.9.jar:/home/domenicoverde/.m2/repository/org/apache/maven/maven-monitor/2.0.9/maven-monitor-2.0.9.jar:/home/domenicoverde/.m2/repository/org/apache/maven/maven-artifact/2.2.1/maven-artifact-2.2.1.jar:/home/domenicoverde/.m2/repository/org/apache/maven/maven-toolchain/2.2.1/maven-toolchain-2.2.1.jar:/home/domenicoverde/.m2/repository/org/slf4j/jul-to-slf4j/2.0.0-alpha1/jul-to-slf4j-2.0.0-alpha1.jar:/home/domenicoverde/.m2/repository/uk/org/lidalia/sysout-over-slf4j/1.0.2/sysout-over-slf4j-1.0.2.jar:/home/domenicoverde/.m2/repository/org/slf4j/slf4j-simple/2.0.0-alpha1/slf4j-simple-2.0.0-alpha1.jar:/home/domenicoverde/.m2/repository/org/springframework/spring-test/5.2.6.RELEASE/spring-test-5.2.6.RELEASE.jar:/home/domenicoverde/.m2/repository/junit/junit/4.13/junit-4.13.jar:/home/domenicoverde/.m2/repository/org/hamcrest/hamcrest-core/2.1/hamcrest-core-2.1.jar:/home/domenicoverde/.m2/repository/org/hamcrest/hamcrest/2.1/hamcrest-2.1.jar:/home/domenicoverde/.m2/repository/org/mockito/mockito-core/3.3.3/mockito-core-3.3.3.jar:/home/domenicoverde/.m2/repository/net/bytebuddy/byte-buddy/1.10.10/byte-buddy-1.10.10.jar:/home/domenicoverde/.m2/repository/net/bytebuddy/byte-buddy-agent/1.10.10/byte-buddy-agent-1.10.10.jar:/home/domenicoverde/.m2/repository/org/objenesis/objenesis/3.1/objenesis-3.1.jar:"/>
    <property name="sun.cpu.endian" value="little"/>
    <property name="user.home" value="/home/domenicoverde"/>
    <property name="user.language" value="it"/>
    <property name="java.specification.vendor" value="Oracle Corporation"/>
    <property name="java.version.date" value="2020-04-14"/>
    <property name="java.home" value="/usr/lib/jvm/jdk-14.0.1"/>
    <property name="file.separator" value="/"/>
    <property name="basedir" value="/home/domenicoverde/Scrivania/Syncope.git/core/spring"/>
    <property name="java.vm.compressedOopsMode" value="32-bit"/>
    <property name="line.separator" value="&#10;"/>
    <property name="java.vm.specification.vendor" value="Oracle Corporation"/>
    <property name="java.specification.name" value="Java Platform API Specification"/>
    <property name="surefire.real.class.path" value="/home/domenicoverde/Scrivania/Syncope.git/core/spring/target/surefire/surefirebooter11756472124510749962.jar"/>
    <property name="sun.management.compiler" value="HotSpot 64-Bit Tiered Compilers"/>
    <property name="java.runtime.version" value="14.0.1+7"/>
    <property name="user.name" value="domenicoverde"/>
    <property name="path.separator" value=":"/>
    <property name="os.version" value="4.15.0-106-generic"/>
    <property name="java.runtime.name" value="Java(TM) SE Runtime Environment"/>
    <property name="file.encoding" value="UTF-8"/>
    <property name="java.vm.name" value="Java HotSpot(TM) 64-Bit Server VM"/>
    <property name="localRepository" value="/home/domenicoverde/.m2/repository"/>
    <property name="java.vendor.url.bug" value="https://bugreport.java.com/bugreport/"/>
    <property name="java.io.tmpdir" value="/tmp"/>
    <property name="java.version" value="14.0.1"/>
    <property name="user.dir" value="/home/domenicoverde/Scrivania/Syncope.git/core/spring"/>
    <property name="os.arch" value="amd64"/>
    <property name="java.vm.specification.name" value="Java Virtual Machine Specification"/>
    <property name="java.library.path" value="/usr/java/packages/lib:/usr/lib64:/lib64:/lib:/usr/lib"/>
    <property name="java.vm.info" value="mixed mode, sharing"/>
    <property name="java.vendor" value="Oracle Corporation"/>
    <property name="java.vm.version" value="14.0.1+7"/>
    <property name="sun.io.unicode.encoding" value="UnicodeLittle"/>
    <property name="java.class.version" value="58.0"/>
  </properties>
  <testcase name="patternTest" classname="org.apache.core.spring.DefaultAccountRuleTest" time="1.075"/>
  <testcase name="test1CP" classname="org.apache.core.spring.DefaultAccountRuleTest" time="0"/>
  <testcase name="test2CP" classname="org.apache.core.spring.DefaultAccountRuleTest" time="0.015"/>
  <testcase name="test3CP" classname="org.apache.core.spring.DefaultAccountRuleTest" time="0.005"/>
  <testcase name="test4CP" classname="org.apache.core.spring.DefaultAccountRuleTest" time="0.001"/>
  <testcase name="prefixTest" classname="org.apache.core.spring.DefaultAccountRuleTest" time="0.003"/>
  <testcase name="suffixTest" classname="org.apache.core.spring.DefaultAccountRuleTest" time="0.002"/>
  <testcase name="allUppercaseTest" classname="org.apache.core.spring.DefaultAccountRuleTest" time="0.002"/>
  <testcase name="usernameLengthTest" classname="org.apache.core.spring.DefaultAccountRuleTest" time="0.004"/>
  <testcase name="allLowercaseTest" classname="org.apache.core.spring.DefaultAccountRuleTest" time="0.002"/>
</testsuite>